<?xml version="1.0" encoding="UTF-8"?>
<testng-results ignored="0" total="1" passed="1" failed="0" skipped="0">
  <reporter-output>
  </reporter-output>
  <suite started-at="2022-10-11T20:57:15 IST" name="Default suite" finished-at="2022-10-11T20:57:22 IST" duration-ms="6776">
    <groups>
    </groups>
    <test started-at="2022-10-11T20:57:15 IST" name="Default test" finished-at="2022-10-11T20:57:22 IST" duration-ms="6776">
      <class name="com.example.invalid.InvalidLogin">
        <test-method is-config="true" signature="beforeTest()[pri:0, instance:com.example.invalid.InvalidLogin@428640fa]" started-at="2022-10-11T20:57:15 IST" name="beforeTest" finished-at="2022-10-11T20:57:17 IST" duration-ms="1906" status="PASS">
          <reporter-output>
          </reporter-output>
        </test-method> <!-- beforeTest -->
        <test-method signature="f()[pri:0, instance:com.example.invalid.InvalidLogin@428640fa]" started-at="2022-10-11T20:57:17 IST" name="f" finished-at="2022-10-11T20:57:22 IST" duration-ms="4836" status="PASS">
          <reporter-output>
          </reporter-output>
        </test-method> <!-- f -->
        <test-method is-config="true" signature="afterTest()[pri:0, instance:com.example.invalid.InvalidLogin@428640fa]" started-at="2022-10-11T20:57:22 IST" name="afterTest" finished-at="2022-10-11T20:57:22 IST" duration-ms="0" status="PASS">
          <reporter-output>
          </reporter-output>
        </test-method> <!-- afterTest -->
      </class> <!-- com.example.invalid.InvalidLogin -->
    </test> <!-- Default test -->
  </suite> <!-- Default suite -->
</testng-results>
